<?xml version="1.0" encoding="UTF-8"?>
<testsuite xmlns:xsi="http://www.w3.org/2001/XMLSchema-instance" xsi:noNamespaceSchemaLocation="https://maven.apache.org/surefire/maven-surefire-plugin/xsd/surefire-test-report.xsd" version="3.0.2" name="TestSuite" time="2.635" tests="1" errors="0" skipped="0" failures="0">
  <properties>
[...]
</properties>
  <testcase name="tc0" classname="com.automation.Sample" time="1.209">
    <system-out><![CDATA[[TestNGContentHandler] [WARN] It is strongly recommended to add "<!DOCTYPE suite SYSTEM "http://testng.org/testng-1.0.dtd" >" at the top of your file, otherwise TestNG may fail or not work as expected.
2
6
12
2
7 Michael Lawson michael.lawson@reqres.in https://reqres.in/img/faces/7-image.jpg
8 Lindsay Ferguson lindsay.ferguson@reqres.in https://reqres.in/img/faces/8-image.jpg
9 Tobias Funke tobias.funke@reqres.in https://reqres.in/img/faces/9-image.jpg
10 Byron Fields byron.fields@reqres.in https://reqres.in/img/faces/10-image.jpg
11 George Edwards george.edwards@reqres.in https://reqres.in/img/faces/11-image.jpg
12 Rachel Howell rachel.howell@reqres.in https://reqres.in/img/faces/12-image.jpg
Tired of writing endless social media content? Let Content Caddy generate it for you.
https://contentcaddy.io?utm_source=reqres&utm_medium=json&utm_campaign=referral
]]></system-out>
  </testcase>
</testsuite>