<?xml version="1.0" encoding="UTF-8"?>
<testng-results skipped="0" failed="0" ignored="0" total="3" passed="3">
  <reporter-output>
  </reporter-output>
  <suite name="Default suite" duration-ms="3271" started-at="2024-08-20T04:11:47Z" finished-at="2024-08-20T04:11:50Z">
    <groups>
    </groups>
    <test name="Default test" duration-ms="3271" started-at="2024-08-20T04:11:47Z" finished-at="2024-08-20T04:11:50Z">
      <class name="org.datap.Sample">
        <test-method status="PASS" signature="tc0(java.lang.String, java.lang.String, java.lang.String, java.lang.String)[pri:0, instance:org.datap.Sample@568bf312]" name="tc0" duration-ms="1741" started-at="2024-08-20T04:11:47Z" data-provider="DemoData" finished-at="2024-08-20T04:11:49Z">
          <params>
            <param index="0">
              <value>
                <![CDATA[name]]>
              </value>
            </param>
            <param index="1">
              <value>
                <![CDATA[Ram]]>
              </value>
            </param>
            <param index="2">
              <value>
                <![CDATA[job]]>
              </value>
            </param>
            <param index="3">
              <value>
                <![CDATA[Developer]]>
              </value>
            </param>
          </params>
          <reporter-output>
          </reporter-output>
        </test-method> <!-- tc0 -->
        <test-method status="PASS" signature="tc0(java.lang.String, java.lang.String, java.lang.String, java.lang.String)[pri:0, instance:org.datap.Sample@568bf312]" name="tc0" duration-ms="442" started-at="2024-08-20T04:11:49Z" data-provider="DemoData" finished-at="2024-08-20T04:11:50Z">
          <params>
            <param index="0">
              <value>
                <![CDATA[name]]>
              </value>
            </param>
            <param index="1">
              <value>
                <![CDATA[Babu]]>
              </value>
            </param>
            <param index="2">
              <value>
                <![CDATA[job]]>
              </value>
            </param>
            <param index="3">
              <value>
                <![CDATA[tester]]>
              </value>
            </param>
          </params>
          <reporter-output>
          </reporter-output>
        </test-method> <!-- tc0 -->
        <test-method status="PASS" signature="tc0(java.lang.String, java.lang.String, java.lang.String, java.lang.String)[pri:0, instance:org.datap.Sample@568bf312]" name="tc0" duration-ms="436" started-at="2024-08-20T04:11:50Z" data-provider="DemoData" finished-at="2024-08-20T04:11:50Z">
          <params>
            <param index="0">
              <value>
                <![CDATA[name]]>
              </value>
            </param>
            <param index="1">
              <value>
                <![CDATA[Anand]]>
              </value>
            </param>
            <param index="2">
              <value>
                <![CDATA[job]]>
              </value>
            </param>
            <param index="3">
              <value>
                <![CDATA[Devops]]>
              </value>
            </param>
          </params>
          <reporter-output>
          </reporter-output>
        </test-method> <!-- tc0 -->
      </class> <!-- org.datap.Sample -->
    </test> <!-- Default test -->
  </suite> <!-- Default suite -->
</testng-results>
