<?xml version="1.0" encoding="UTF-8"?>
<!-- Generated by org.testng.reporters.JUnitReportReporter -->
<testsuite skipped="0" hostname="DESKTOP-4VBBEJ4" name="org.datap.Sample" tests="3" failures="0" timestamp="20 Aug 2024 04:11:50 GMT" time="2.619" errors="0">
  <testcase name="tc0" time="0.442" classname="org.datap.Sample"/>
  <testcase name="tc0" time="0.436" classname="org.datap.Sample"/>
  <testcase name="tc0" time="1.741" classname="org.datap.Sample"/>
</testsuite> <!-- org.datap.Sample -->
